app/build/intermediates/proguard-rules/release/aapt_rules.txt
# Referenced at merged_manifests/release/AndroidManifest.xml:137
-keep class android.support.v4.content.FileProvider { <init>(); }
# Referenced at merged_manifests/release/AndroidManifest.xml:116
-keep class com.amazonaws.mobileconnectors.s3.transferutility.TransferService { <init>(); }
# Referenced at merged_manifests/release/AndroidManifest.xml:319
-keep class com.crashlytics.android.CrashlyticsInitProvider { <init>(); }
# Referenced at merged_manifests/release/AndroidManifest.xml:220
-keep class com.freshchat.consumer.sdk.activity.ArticleDetailActivity { <init>(); }
# Referenced at merged_manifests/release/AndroidManifest.xml:216
-keep class com.freshchat.consumer.sdk.activity.ArticleListActivity { <init>(); }
# Referenced at merged_manifests/release/AndroidManifest.xml:213
-keep class com.freshchat.consumer.sdk.activity.CategoryListActivity { <init>(); }
# Referenced at merged_manifests/release/AndroidManifest.xml:196
-keep class com.freshchat.consumer.sdk.activity.ChannelListActivity { <init>(); }
# Referenced at merged_manifests/release/AndroidManifest.xml:199
-keep class com.freshchat.consumer.sdk.activity.ConversationDetailActivity { <init>(); }
# Referenced at merged_manifests/release/AndroidManifest.xml:204
-keep class com.freshchat.consumer.sdk.activity.DeeplinkInterstitialActivity { <init>(); }
# Referenced at merged_manifests/release/AndroidManifest.xml:223
-keep class com.freshchat.consumer.sdk.activity.InterstitialActivity { <init>(); }
# Referenced at merged_manifests/release/AndroidManifest.xml:208
-keep class com.freshchat.consumer.sdk.activity.PictureAttachmentActivity { <init>(); }
# Referenced at merged_manifests/release/AndroidManifest.xml:237
-keep class com.freshchat.consumer.sdk.receiver.FreshchatNetworkChangeReceiver { <init>(); }
# Referenced at merged_manifests/release/AndroidManifest.xml:230
-keep class com.freshchat.consumer.sdk.receiver.FreshchatReceiver { <init>(); }
# Referenced at merged_manifests/release/AndroidManifest.xml:228
-keep class com.freshchat.consumer.sdk.service.FreshchatService { <init>(); }
# Referenced at merged_manifests/release/AndroidManifest.xml:314
-keep class com.google.android.gms.common.api.GoogleApiActivity { <init>(); }
# Referenced at merged_manifests/release/AndroidManifest.xml:259
-keep class com.google.android.gms.measurement.AppMeasurementInstallReferrerReceiver { <init>(); }
# Referenced at merged_manifests/release/AndroidManifest.xml:273
-keep class com.google.android.gms.measurement.AppMeasurementJobService { <init>(); }
# Referenced at merged_manifests/release/AndroidManifest.xml:254
-keep class com.google.android.gms.measurement.AppMeasurementReceiver { <init>(); }
# Referenced at merged_manifests/release/AndroidManifest.xml:269
-keep class com.google.android.gms.measurement.AppMeasurementService { <init>(); }
# Referenced at merged_manifests/release/AndroidManifest.xml:293
-keep class com.google.firebase.iid.FirebaseInstanceIdInternalReceiver { <init>(); }
# Referenced at merged_manifests/release/AndroidManifest.xml:279
-keep class com.google.firebase.iid.FirebaseInstanceIdReceiver { <init>(); }
# Referenced at merged_manifests/release/AndroidManifest.xml:300
-keep class com.google.firebase.iid.FirebaseInstanceIdService { <init>(); }
# Referenced at merged_manifests/release/AndroidManifest.xml:246
-keep class com.google.firebase.messaging.FirebaseMessagingService { <init>(); }
# Referenced at merged_manifests/release/AndroidManifest.xml:308
-keep class com.google.firebase.provider.FirebaseInitProvider { <init>(); }
# Referenced at merged_manifests/release/AndroidManifest.xml:185
-keep class com.project.jewelmart.swarnsarita.AboutUsActivity { <init>(); }
# Referenced at merged_manifests/release/AndroidManifest.xml:43
-keep class com.project.jewelmart.swarnsarita.BannerDetialActivity { <init>(); }
# Referenced at merged_manifests/release/AndroidManifest.xml:92
-keep class com.project.jewelmart.swarnsarita.CartActivity { <init>(); }
# Referenced at merged_manifests/release/AndroidManifest.xml:96
-keep class com.project.jewelmart.swarnsarita.CheckoutActivity { <init>(); }
# Referenced at merged_manifests/release/AndroidManifest.xml:178
-keep class com.project.jewelmart.swarnsarita.CustomHistoryActivity { <init>(); }
# Referenced at merged_manifests/release/AndroidManifest.xml:169
-keep class com.project.jewelmart.swarnsarita.CustomeOrderActivity { <init>(); }
# Referenced at merged_manifests/release/AndroidManifest.xml:84
-keep class com.project.jewelmart.swarnsarita.LargeViewActivity { <init>(); }
# Referenced at merged_manifests/release/AndroidManifest.xml:51
-keep class com.project.jewelmart.swarnsarita.LoginActivity { <init>(); }
# Referenced at merged_manifests/release/AndroidManifest.xml:46
-keep class com.project.jewelmart.swarnsarita.MainActivity { <init>(); }
# Referenced at merged_manifests/release/AndroidManifest.xml:147
-keep class com.project.jewelmart.swarnsarita.MyAccountActivity { <init>(); }
# Referenced at merged_manifests/release/AndroidManifest.xml:87
-keep class com.project.jewelmart.swarnsarita.MyCollectionActivity { <init>(); }
# Referenced at merged_manifests/release/AndroidManifest.xml:174
-keep class com.project.jewelmart.swarnsarita.NotificationActivity { <init>(); }
# Referenced at merged_manifests/release/AndroidManifest.xml:182
-keep class com.project.jewelmart.swarnsarita.OffersActivity { <init>(); }
# Referenced at merged_manifests/release/AndroidManifest.xml:152
-keep class com.project.jewelmart.swarnsarita.OrderHistoryActivity { <init>(); }
# Referenced at merged_manifests/release/AndroidManifest.xml:63
-keep class com.project.jewelmart.swarnsarita.ProductDetailActivity { <init>(); }
# Referenced at merged_manifests/release/AndroidManifest.xml:79
-keep class com.project.jewelmart.swarnsarita.ProductGridActivity { <init>(); }
# Referenced at merged_manifests/release/AndroidManifest.xml:59
-keep class com.project.jewelmart.swarnsarita.RegistrationActivity { <init>(); }
# Referenced at merged_manifests/release/AndroidManifest.xml:55
-keep class com.project.jewelmart.swarnsarita.SampleWelcomeActivity { <init>(); }
# Referenced at merged_manifests/release/AndroidManifest.xml:105
-keep class com.project.jewelmart.swarnsarita.ScreenShotService { <init>(); }
# Referenced at merged_manifests/release/AndroidManifest.xml:100
-keep class com.project.jewelmart.swarnsarita.ServiceAlert { <init>(); }
# Referenced at merged_manifests/release/AndroidManifest.xml:68
-keep class com.project.jewelmart.swarnsarita.SplashActivity { <init>(); }
# Referenced at merged_manifests/release/AndroidManifest.xml:165
-keep class com.project.jewelmart.swarnsarita.SubCatagoryActivity { <init>(); }
# Referenced at merged_manifests/release/AndroidManifest.xml:111
-keep class com.project.jewelmart.swarnsarita.service.MyFirebaseInstanceIDService { <init>(); }
# Referenced at merged_manifests/release/AndroidManifest.xml:106
-keep class com.project.jewelmart.swarnsarita.service.MyFirebaseMessagingService { <init>(); }
# Referenced at merged_manifests/release/AndroidManifest.xml:32
-keep class com.project.jewelmart.swarnsarita.utils.ApplicationClass { <init>(); }
# Referenced at merged_manifests/release/AndroidManifest.xml:160
-keep class com.project.jewelmart.swarnsarita.worker.OrderDetailsActivity { <init>(); }
# Referenced at merged_manifests/release/AndroidManifest.xml:156
-keep class com.project.jewelmart.swarnsarita.worker.WorkerActivity { <init>(); }
# Referenced at res/layout/content_my_collection.xml:2
# Referenced at res/layout/content_main.xml:2
# Referenced at res/layout/activity_worker.xml:2
# Referenced at res/layout/activity_sub_catagory.xml:2
# Referenced at res/layout/activity_order_details.xml:2
# Referenced at res/layout/activity_offers.xml:2
# Referenced at res/layout/activity_my_account.xml:2
-keep class android.support.constraint.ConstraintLayout { <init>(android.content.Context, android.util.AttributeSet); }

# Referenced at res/layout/design_bottom_navigation_item.xml:26
-keep class android.support.design.internal.BaselineLayout { <init>(android.content.Context, android.util.AttributeSet); }

# Referenced at res/layout/design_navigation_item.xml:17
-keep class android.support.design.internal.NavigationMenuItemView { <init>(android.content.Context, android.util.AttributeSet); }

# Referenced at res/layout/design_navigation_menu.xml:17
-keep class android.support.design.internal.NavigationMenuView { <init>(android.content.Context, android.util.AttributeSet); }

# Referenced at res/layout/design_layout_snackbar_include.xml:18
-keep class android.support.design.internal.SnackbarContentLayout { <init>(android.content.Context, android.util.AttributeSet); }

# Referenced at res/layout-land/fragment_bottom_sheet_dialog_full.xml:10
# Referenced at res/layout-land/app_bar_main.xml:10
# Referenced at res/layout-land/activity_product_grid.xml:9
# Referenced at res/layout-land/activity_product_detail.xml:10
# Referenced at res/layout-land/activity_custome_order.xml:9
# Referenced at res/layout-land/activity_checkout.xml:10
# Referenced at res/layout-land/activity_cart.xml:9
# Referenced at res/layout-land/account_layout.xml:13
# Referenced at res/layout/fragment_bottom_sheet_dialog_full.xml:10
# Referenced at res/layout/app_bar_main.xml:10
# Referenced at res/layout/activity_worker.xml:9
# Referenced at res/layout/activity_sub_catagory.xml:9
# Referenced at res/layout/activity_product_grid.xml:10
# Referenced at res/layout/activity_product_detail.xml:10
# Referenced at res/layout/activity_order_history.xml:10
# Referenced at res/layout/activity_order_details.xml:9
# Referenced at res/layout/activity_offers.xml:9
# Referenced at res/layout/activity_notification.xml:9
# Referenced at res/layout/activity_my_collection.xml:9
# Referenced at res/layout/activity_custome_order.xml:9
# Referenced at res/layout/activity_custom_history.xml:10
# Referenced at res/layout/activity_checkout.xml:10
# Referenced at res/layout/activity_cart.xml:9
# Referenced at res/layout/activity_banner_detial.xml:14
# Referenced at res/layout/activity_about_us.xml:9
# Referenced at res/layout/account_layout.xml:13
-keep class android.support.design.widget.AppBarLayout { <init>(android.content.Context, android.util.AttributeSet); }

# Referenced at res/layout/design_text_input_password_icon.xml:18
-keep class android.support.design.widget.CheckableImageButton { <init>(android.content.Context, android.util.AttributeSet); }

# Referenced at res/layout/activity_product_detail.xml:16
# Referenced at res/layout/activity_checkout.xml:16
-keep class android.support.design.widget.CollapsingToolbarLayout { <init>(android.content.Context, android.util.AttributeSet); }

# Referenced at res/layout-land/activity_product_grid.xml:2
# Referenced at res/layout-land/activity_product_detail.xml:2
# Referenced at res/layout-land/activity_my_collection.xml:2
# Referenced at res/layout-land/activity_custome_order.xml:2
# Referenced at res/layout-land/activity_checkout.xml:2
# Referenced at res/layout-land/activity_cart.xml:2
# Referenced at res/layout/design_bottom_sheet_dialog.xml:26
# Referenced at res/layout/app_bar_main.xml:2
# Referenced at res/layout/activity_product_grid.xml:2
# Referenced at res/layout/activity_product_detail.xml:2
# Referenced at res/layout/activity_my_collection.xml:2
# Referenced at res/layout/activity_demo.xml:1
# Referenced at res/layout/activity_custome_order.xml:2
# Referenced at res/layout/activity_checkout.xml:2
# Referenced at res/layout/activity_cart.xml:2
-keep class android.support.design.widget.CoordinatorLayout { <init>(android.content.Context, android.util.AttributeSet); }

# Referenced at res/layout/content_custome_order.xml:198
# Referenced at res/layout/activity_product_detail.xml:219
-keep class android.support.design.widget.FloatingActionButton { <init>(android.content.Context, android.util.AttributeSet); }

# Referenced at res/layout/activity_main.xml:16
-keep class android.support.design.widget.NavigationView { <init>(android.content.Context, android.util.AttributeSet); }

# Referenced at res/layout/design_layout_snackbar.xml:18
-keep class android.support.design.widget.Snackbar$SnackbarLayout { <init>(android.content.Context, android.util.AttributeSet); }

# Referenced at res/layout/activity_cart.xml:18
-keep class android.support.design.widget.TabLayout { <init>(android.content.Context, android.util.AttributeSet); }

# Referenced at res/layout-land/fragment_one.xml:71
# Referenced at res/layout-land/activity_login.xml:72
# Referenced at res/layout/fragment_two.xml:84
# Referenced at res/layout/fragment_one.xml:72
# Referenced at res/layout/dialog_set_password.xml:71
# Referenced at res/layout/dialog_forget_pass.xml:71
# Referenced at res/layout/dialog_change_password.xml:71
# Referenced at res/layout/activity_login.xml:79
-keep class android.support.design.widget.TextInputEditText { <init>(android.content.Context, android.util.AttributeSet); }

# Referenced at res/layout-land/fragment_one.xml:64
# Referenced at res/layout-land/activity_login.xml:66
# Referenced at res/layout/fragment_two.xml:78
# Referenced at res/layout/fragment_one.xml:65
# Referenced at res/layout/dialog_set_password.xml:65
# Referenced at res/layout/dialog_forget_pass.xml:65
# Referenced at res/layout/dialog_change_password.xml:65
# Referenced at res/layout/activity_login.xml:72
-keep class android.support.design.widget.TextInputLayout { <init>(android.content.Context, android.util.AttributeSet); }

# Referenced at res/layout-land/large_view.xml:19
# Referenced at res/layout-land/activity_product_detail.xml:855
# Referenced at res/layout-land/activity_cart.xml:32
# Referenced at res/layout/wel_activity_welcome.xml:24
# Referenced at res/layout/large_view.xml:19
# Referenced at res/layout/home_layout.xml:34
# Referenced at res/layout/activity_product_detail.xml:37
# Referenced at res/layout/activity_order_details.xml:32
# Referenced at res/layout/activity_cart.xml:32
-keep class android.support.v4.view.ViewPager { <init>(android.content.Context, android.util.AttributeSet); }

# Referenced at res/layout/freshchat_activity_article_list.xml:21
-keep class android.support.v4.widget.ContentLoadingProgressBar { <init>(android.content.Context, android.util.AttributeSet); }

# Referenced at res/layout/activity_main.xml:2
-keep class android.support.v4.widget.DrawerLayout { <init>(android.content.Context, android.util.AttributeSet); }

# Referenced at res/layout-land/home_layout.xml:9
# Referenced at res/layout-land/activity_product_detail.xml:44
# Referenced at res/layout-land/activity_main.xml:33
# Referenced at res/layout-land/activity_checkout.xml:44
# Referenced at res/layout/order_layout.xml:2
# Referenced at res/layout/home_layout.xml:9
# Referenced at res/layout/fragment_bottom_sheet_dialog_full.xml:61
# Referenced at res/layout/activity_product_detail.xml:90
# Referenced at res/layout/activity_order_details.xml:18
# Referenced at res/layout/activity_main.xml:33
# Referenced at res/layout/activity_checkout.xml:44
# Referenced at res/layout/abc_alert_dialog_material.xml:41
-keep class android.support.v4.widget.NestedScrollView { <init>(android.content.Context, android.util.AttributeSet); }

# Referenced at res/layout/abc_alert_dialog_title_material.xml:56
# Referenced at res/layout/abc_alert_dialog_material.xml:52
# Referenced at res/layout/abc_alert_dialog_button_bar_material.xml:43
-keep class android.support.v4.widget.Space { <init>(android.content.Context, android.util.AttributeSet); }

# Referenced at res/layout/abc_select_dialog_material.xml:23
-keep class android.support.v7.app.AlertController$RecycleListView { <init>(android.content.Context, android.util.AttributeSet); }

# Referenced at res/layout-v11/preference_dropdown.xml:38
# Referenced at res/layout-v11/preference.xml:32
-keep class android.support.v7.internal.widget.PreferenceImageView { <init>(android.content.Context, android.util.AttributeSet); }

# Referenced at res/layout/preference_widget_seekbar.xml:66
-keep class android.support.v7.preference.UnPressableLinearLayout { <init>(android.content.Context, android.util.AttributeSet); }

# Referenced at res/layout/abc_action_menu_item_layout.xml:17
-keep class android.support.v7.view.menu.ActionMenuItemView { <init>(android.content.Context, android.util.AttributeSet); }

# Referenced at res/layout/abc_expanded_menu_layout.xml:17
-keep class android.support.v7.view.menu.ExpandedMenuView { <init>(android.content.Context, android.util.AttributeSet); }

# Referenced at res/layout/abc_popup_menu_item_layout.xml:17
# Referenced at res/layout/abc_list_menu_item_layout.xml:17
-keep class android.support.v7.view.menu.ListMenuItemView { <init>(android.content.Context, android.util.AttributeSet); }

# Referenced at res/layout/abc_screen_toolbar.xml:27
-keep class android.support.v7.widget.ActionBarContainer { <init>(android.content.Context, android.util.AttributeSet); }

# Referenced at res/layout/abc_screen_toolbar.xml:43
# Referenced at res/layout/abc_action_mode_bar.xml:19
-keep class android.support.v7.widget.ActionBarContextView { <init>(android.content.Context, android.util.AttributeSet); }

# Referenced at res/layout/abc_screen_toolbar.xml:17
-keep class android.support.v7.widget.ActionBarOverlayLayout { <init>(android.content.Context, android.util.AttributeSet); }

# Referenced at res/layout/abc_action_menu_layout.xml:17
-keep class android.support.v7.widget.ActionMenuView { <init>(android.content.Context, android.util.AttributeSet); }

# Referenced at res/layout/abc_activity_chooser_view.xml:19
-keep class android.support.v7.widget.ActivityChooserView$InnerLayout { <init>(android.content.Context, android.util.AttributeSet); }

# Referenced at res/layout/abc_alert_dialog_material.xml:18
-keep class android.support.v7.widget.AlertDialogLayout { <init>(android.content.Context, android.util.AttributeSet); }

# Referenced at res/layout-land/dialog_info.xml:138
# Referenced at res/layout-land/activity_registration.xml:49
# Referenced at res/layout/dialog_set_password.xml:137
# Referenced at res/layout/dialog_info_offers.xml:155
# Referenced at res/layout/dialog_info.xml:146
# Referenced at res/layout/dialog_forget_pass.xml:95
# Referenced at res/layout/dialog_change_password.xml:137
# Referenced at res/layout/dialog_cart_summary.xml:191
# Referenced at res/layout/activity_registration.xml:49
-keep class android.support.v7.widget.AppCompatButton { <init>(android.content.Context, android.util.AttributeSet); }

# Referenced at res/layout/item_shop_product_card.xml:80
-keep class android.support.v7.widget.AppCompatRatingBar { <init>(android.content.Context, android.util.AttributeSet); }

# Referenced at res/layout/fragment_four.xml:8
-keep class android.support.v7.widget.AppCompatTextView { <init>(android.content.Context, android.util.AttributeSet); }

# Referenced at res/layout/abc_alert_dialog_button_bar_material.xml:26
-keep class android.support.v7.widget.ButtonBarLayout { <init>(android.content.Context, android.util.AttributeSet); }

# Referenced at res/layout-land/sheet_list.xml:10
# Referenced at res/layout-land/scrollview_horizontal_item.xml:3
# Referenced at res/layout-land/peek_view.xml:7
# Referenced at res/layout-land/order_layout.xml:48
# Referenced at res/layout-land/layout_item_demo.xml:9
# Referenced at res/layout-land/item_shop_product_card.xml:2
# Referenced at res/layout-land/item_layout_cart.xml:9
# Referenced at res/layout-land/item_call_email.xml:2
# Referenced at res/layout-land/fragment_two.xml:26
# Referenced at res/layout-land/fragment_one.xml:23
# Referenced at res/layout-land/dialog_info_otp.xml:2
# Referenced at res/layout-land/dialog_info_offers.xml:2
# Referenced at res/layout-land/dialog_info.xml:2
# Referenced at res/layout-land/dialog_call_email.xml:2
# Referenced at res/layout-land/content_product_grid.xml:13
# Referenced at res/layout-land/activity_product_detail.xml:55
# Referenced at res/layout-land/activity_login.xml:33