app/build/outputs/mapping/release/seeds.txt
com.project.jewelmart.swarnsarita.AboutUsActivity
com.project.jewelmart.swarnsarita.AboutUsActivity: AboutUsActivity()
com.project.jewelmart.swarnsarita.BannerDetialActivity
com.project.jewelmart.swarnsarita.BannerDetialActivity: BannerDetialActivity()
com.project.jewelmart.swarnsarita.CartActivity
com.project.jewelmart.swarnsarita.CartActivity: CartActivity()
com.project.jewelmart.swarnsarita.CheckoutActivity
com.project.jewelmart.swarnsarita.CheckoutActivity: CheckoutActivity()
com.project.jewelmart.swarnsarita.CustomHistoryActivity
com.project.jewelmart.swarnsarita.CustomHistoryActivity: android.support.v7.widget.RecyclerView recyclerView
com.project.jewelmart.swarnsarita.CustomHistoryActivity: CustomHistoryActivity()
com.project.jewelmart.swarnsarita.CustomHistoryActivity_ViewBinding
com.project.jewelmart.swarnsarita.CustomHistoryActivity_ViewBinding: CustomHistoryActivity_ViewBinding(com.project.jewelmart.swarnsarita.CustomHistoryActivity,android.view.View)
com.project.jewelmart.swarnsarita.CustomeOrderActivity
com.project.jewelmart.swarnsarita.CustomeOrderActivity: android.support.design.widget.FloatingActionButton fab
com.project.jewelmart.swarnsarita.CustomeOrderActivity: android.widget.Button btn_addorder
com.project.jewelmart.swarnsarita.CustomeOrderActivity: com.rengwuxian.materialedittext.MaterialEditText et_grosswt
com.project.jewelmart.swarnsarita.CustomeOrderActivity: android.widget.ImageView image
com.project.jewelmart.swarnsarita.CustomeOrderActivity: com.rengwuxian.materialedittext.MaterialEditText et_netwt
com.project.jewelmart.swarnsarita.CustomeOrderActivity: com.rengwuxian.materialedittext.MaterialEditText et_size
com.project.jewelmart.swarnsarita.CustomeOrderActivity: com.rengwuxian.materialedittext.MaterialEditText et_length
com.project.jewelmart.swarnsarita.CustomeOrderActivity: com.rengwuxian.materialedittext.MaterialEditText et_remarks
com.project.jewelmart.swarnsarita.CustomeOrderActivity: com.rengwuxian.materialedittext.MaterialEditText et_color
com.project.jewelmart.swarnsarita.CustomeOrderActivity: com.rengwuxian.materialedittext.MaterialEditText et_date
com.project.jewelmart.swarnsarita.CustomeOrderActivity: android.widget.Spinner melting_spinner
com.project.jewelmart.swarnsarita.CustomeOrderActivity: CustomeOrderActivity()
com.project.jewelmart.swarnsarita.CustomeOrderActivity_ViewBinding
com.project.jewelmart.swarnsarita.CustomeOrderActivity_ViewBinding: CustomeOrderActivity_ViewBinding(com.project.jewelmart.swarnsarita.CustomeOrderActivity,android.view.View)
com.project.jewelmart.swarnsarita.LargeViewActivity
com.project.jewelmart.swarnsarita.LargeViewActivity: LargeViewActivity()
com.project.jewelmart.swarnsarita.LoginActivity
com.project.jewelmart.swarnsarita.LoginActivity: LoginActivity()
com.project.jewelmart.swarnsarita.MainActivity
com.project.jewelmart.swarnsarita.MainActivity: MainActivity()
com.project.jewelmart.swarnsarita.MyAccountActivity
com.project.jewelmart.swarnsarita.MyAccountActivity: MyAccountActivity()
com.project.jewelmart.swarnsarita.MyCollectionActivity
com.project.jewelmart.swarnsarita.MyCollectionActivity: MyCollectionActivity()
com.project.jewelmart.swarnsarita.NotificationActivity
com.project.jewelmart.swarnsarita.NotificationActivity: android.support.v7.widget.RecyclerView recyclerView
com.project.jewelmart.swarnsarita.NotificationActivity: NotificationActivity()
com.project.jewelmart.swarnsarita.NotificationActivity_ViewBinding
com.project.jewelmart.swarnsarita.NotificationActivity_ViewBinding: NotificationActivity_ViewBinding(com.project.jewelmart.swarnsarita.NotificationActivity,android.view.View)
com.project.jewelmart.swarnsarita.OffersActivity
com.project.jewelmart.swarnsarita.OffersActivity: android.support.v7.widget.RecyclerView recyclerView
com.project.jewelmart.swarnsarita.OffersActivity: OffersActivity()
...
com.androidnetworking.R$bool: int abc_action_bar_embed_tabs
com.androidnetworking.R$bool: int abc_allow_stacked_button_bar
com.androidnetworking.R$bool: int abc_config_actionMenuItemAllCaps
com.androidnetworking.R$bool: int abc_config_showMenuShortcutsWhenKeyboardPresent
com.androidnetworking.R$color: int abc_background_cache_hint_selector_material_dark
com.androidnetworking.R$color: int abc_background_cache_hint_selector_material_light
com.androidnetworking.R$color: int abc_btn_colored_borderless_text_material
com.androidnetworking.R$color: int abc_btn_colored_text_material
com.androidnetworking.R$color: int abc_color_highlight_material
com.androidnetworking.R$color: int abc_hint_foreground_material_dark
com.androidnetworking.R$color: int abc_hint_foreground_material_light
com.androidnetworking.R$color: int abc_input_method_navigation_guard
com.androidnetworking.R$color: int abc_primary_text_disable_only_material_dark
com.androidnetworking.R$color: int abc_primary_text_disable_only_material_light
com.androidnetworking.R$color: int abc_primary_text_material_dark
com.androidnetworking.R$color: int abc_primary_text_material_light
com.androidnetworking.R$color: int abc_search_url_text
com.androidnetworking.R$color: int abc_search_url_text_normal
com.androidnetworking.R$color: int abc_search_url_text_pressed
com.androidnetworking.R$color: int abc_search_url_text_selected
com.androidnetworking.R$color: int abc_secondary_text_material_dark
com.androidnetworking.R$color: int abc_secondary_text_material_light
com.androidnetworking.R$color: int abc_tint_btn_checkable
com.androidnetworking.R$color: int abc_tint_default
com.androidnetworking.R$color: int abc_tint_edittext
com.androidnetworking.R$color: int abc_tint_seek_thumb
com.androidnetworking.R$dimen: int abc_action_bar_content_inset_material
com.androidnetworking.R$dimen: int abc_action_bar_content_inset_with_nav
com.androidnetworking.R$dimen: int abc_action_bar_default_height_material
com.androidnetworking.R$dimen: int abc_action_bar_default_padding_end_material
com.androidnetworking.R$dimen: int abc_action_bar_default_padding_start_material
com.androidnetworking.R$dimen: int abc_action_bar_elevation_material
com.androidnetworking.R$dimen: int abc_action_bar_icon_vertical_padding_material
com.androidnetworking.R$dimen: int abc_action_bar_overflow_padding_end_material
com.androidnetworking.R$dimen: int abc_action_bar_overflow_padding_start_material
com.androidnetworking.R$dimen: int abc_action_bar_progress_bar_size
com.androidnetworking.R$dimen: int abc_action_bar_stacked_max_height
com.androidnetworking.R$dimen: int abc_action_bar_stacked_tab_max_width
com.androidnetworking.R$dimen: int abc_action_bar_subtitle_bottom_margin_material
com.androidnetworking.R$dimen: int abc_action_bar_subtitle_top_margin_material
com.androidnetworking.R$dimen: int abc_action_button_min_height_material
com.androidnetworking.R$dimen: int abc_action_button_min_width_material
com.androidnetworking.R$dimen: int abc_action_button_min_width_overflow_material
com.androidnetworking.R$dimen: int abc_alert_dialog_button_bar_height
com.androidnetworking.R$dimen: int abc_button_inset_horizontal_material
com.androidnetworking.R$dimen: int abc_button_inset_vertical_material