app/build/outputs/mapping/release/usage.txt
com.project.jewelmart.swarnsarita.BuildConfig
com.project.jewelmart.swarnsarita.CustomHistoryActivity_ViewBinding:
    18:19:public CustomHistoryActivity_ViewBinding(com.project.jewelmart.swarnsarita.CustomHistoryActivity)
    31:36:public void unbind()
com.project.jewelmart.swarnsarita.CustomeOrderActivity:
    private static final int MY_CAMERA_PERMISSION_CODE
com.project.jewelmart.swarnsarita.CustomeOrderActivity_ViewBinding:
    22:23:public CustomeOrderActivity_ViewBinding(com.project.jewelmart.swarnsarita.CustomeOrderActivity)
    45:60:public void unbind()
com.project.jewelmart.swarnsarita.Manifest
com.project.jewelmart.swarnsarita.Manifest$permission
com.project.jewelmart.swarnsarita.NotificationActivity_ViewBinding:
    18:19:public NotificationActivity_ViewBinding(com.project.jewelmart.swarnsarita.NotificationActivity)
    31:36:public void unbind()
com.project.jewelmart.swarnsarita.OffersActivity_ViewBinding:
    18:19:public OffersActivity_ViewBinding(com.project.jewelmart.swarnsarita.OffersActivity)
    31:36:public void unbind()
com.project.jewelmart.swarnsarita.ProductDetailActivity:
    java.lang.String newkarat
    java.lang.String oldsize
    java.lang.String newsize
    java.lang.String oldpiece
    java.lang.String newpiece
    java.lang.String oldtone
    java.lang.String newtone
    java.lang.String oldgrows
    java.lang.String newgrows
    java.lang.String oldnet
    java.lang.String newnt
    915:916:public int getRandomColor()
    1045:1089:public void changeKarat()
com.project.jewelmart.swarnsarita.ProductDetailActivity$AdapterImageSlider:
    private com.project.jewelmart.swarnsarita.ProductDetailActivity$AdapterImageSlider$OnItemClickListener onItemClickListener
    840:841:public void setOnItemClickListener(com.project.jewelmart.swarnsarita.ProductDetailActivity$AdapterImageSlider$OnItemClickListener)
    855:855:public com.project.jewelmart.swarnsarita.models.Image2 getItem(int)
com.project.jewelmart.swarnsarita.ProductDetailActivity$AdapterImageSlider$OnItemClickListener
com.project.jewelmart.swarnsarita.ProductDetailActivity_ViewBinding:
    23:24:public ProductDetailActivity_ViewBinding(com.project.jewelmart.swarnsarita.ProductDetailActivity)
    50:69:public void unbind()
com.project.jewelmart.swarnsarita.ProductGridActivity:
    com.project.jewelmart.swarnsarita.pojo.Filter filter
    public static java.util.List items
    291:306:public static void ToggleSelection(int,android.content.Context,java.lang.String)
    804:841:public void showCustomDialogOffer(java.lang.String,java.lang.String,java.lang.String)
com.project.jewelmart.swarnsarita.ProductGridActivity$15
com.project.jewelmart.swarnsarita.ProductGridActivity$16
com.project.jewelmart.swarnsarita.ProductGridActivity$ItemSortAdapter:
    1242:1243:public void setListener(com.project.jewelmart.swarnsarita.ProductGridActivity$ItemSortAdapter$ItemListener)
com.project.jewelmart.swarnsarita.R:
    10:10:public R()
com.project.jewelmart.swarnsarita.R$anim
com.project.jewelmart.swarnsarita.R$animator
com.project.jewelmart.swarnsarita.R$array
com.project.jewelmart.swarnsarita.R$attr
com.project.jewelmart.swarnsarita.R$bool
com.project.jewelmart.swarnsarita.R$color
com.project.jewelmart.swarnsarita.R$dimen
com.project.jewelmart.swarnsarita.R$drawable
com.project.jewelmart.swarnsarita.R$font
com.project.jewelmart.swarnsarita.R$id
com.project.jewelmart.swarnsarita.R$integer
com.project.jewelmart.swarnsarita.R$layout
com.project.jewelmart.swarnsarita.R$menu
com.project.jewelmart.swarnsarita.R$mipmap
com.project.jewelmart.swarnsarita.R$raw
com.project.jewelmart.swarnsarita.R$string
com.project.jewelmart.swarnsarita.R$style
com.project.jewelmart.swarnsarita.R$styleable:
    8513:8513:public R$styleable()
com.project.jewelmart.swarnsarita.R$xml
com.project.jewelmart.swarnsarita.RegistrationActivity:
    private android.support.v7.widget.AppCompatTextView lblTitle
    private com.project.jewelmart.swarnsarita.fragments.FragmentFour fragmentFour
...
com.google.protobuf.zze$zzb
com.google.protobuf.zze$zzc
com.google.protobuf.zze$zzd
com.google.protobuf.zzf
com.hbb20.BuildConfig
com.hbb20.Country:
    64:64:public static com.hbb20.CountryCodePicker$Language getLoadedLibraryMasterListLanguage()
    68:69:public static void setLoadedLibraryMasterListLanguage(com.hbb20.CountryCodePicker$Language)
    72:72:public static java.util.List getLoadedLibraryMaterList()
    76:77:public static void setLoadedLibraryMaterList(java.util.List)
    1109:1109:public java.lang.String logString()
com.hbb20.CountryCodeDialog:
    28:28:CountryCodeDialog()
com.hbb20.CountryCodePicker:
    static final int DEFAULT_UNSET
    131:131:private boolean isNumberAutoFormattingEnabled()
    349:349:boolean isShowPhoneCode()
    677:678:public void showCloseIcon(boolean)
    1105:1106:public void resetToDefaultCountry()
    1225:1226:public void registerCarrierNumberEditText(android.widget.EditText)
    1357:1359:public void showNameCode(boolean)
    1367:1369:public void showArrow(boolean)
    1390:1391:public void changeDefaultLanguage(com.hbb20.CountryCodePicker$Language)
    1482:1484:public void showFullName(boolean)
com.hbb20.CountryCodePicker$Language:
    1629:1630:public void setCode(java.lang.String)
com.hbb20.R:
    10:10:private R()
com.hbb20.R$anim
com.hbb20.R$animator
com.hbb20.R$attr
com.hbb20.R$bool
com.hbb20.R$color:
    330:330:private R$color()
com.hbb20.R$dimen
com.hbb20.R$drawable:
    542:542:private R$drawable()
com.hbb20.R$id:
    884:884:private R$id()
com.hbb20.R$integer
com.hbb20.R$layout:
    1048:1048:private R$layout()
com.hbb20.R$raw
com.hbb20.R$string
com.hbb20.R$style
com.hbb20.R$styleable:
    1521:1521:private R$styleable()
com.jaredrummler.materialspinner.BuildConfig
com.jaredrummler.materialspinner.R:
    10:10:private R()
com.jaredrummler.materialspinner.R$attr
com.jaredrummler.materialspinner.R$dimen:
    26:26:private R$dimen()
com.jaredrummler.materialspinner.R$drawable:
    35:35:private R$drawable()
com.jaredrummler.materialspinner.R$id:
    45:45:private R$id()
com.jaredrummler.materialspinner.R$layout:
    53:53:private R$layout()
com.jaredrummler.materialspinner.R$styleable:
    58:58:private R$styleable()
com.jaredrummler.materialspinner.Utils:
    26:26:Utils()
com.jsibbold.zoomage.AutoResetMode:
    public static final int UNDER
    public static final int OVER
    public static final int ALWAYS
    public static final int NEVER
com.jsibbold.zoomage.AutoResetMode$Parser:
    40:40:public AutoResetMode$Parser()
com.jsibbold.zoomage.BuildConfig
com.jsibbold.zoomage.R:
    10:10:private R()
com.jsibbold.zoomage.R$anim
com.jsibbold.zoomage.R$attr
com.jsibbold.zoomage.R$bool
com.jsibbold.zoomage.R$color
com.jsibbold.zoomage.R$dimen
com.jsibbold.zoomage.R$drawable
com.jsibbold.zoomage.R$id
com.jsibbold.zoomage.R$integer
com.jsibbold.zoomage.R$layout
com.jsibbold.zoomage.R$string
com.jsibbold.zoomage.R$style
com.jsibbold.zoomage.R$styleable:
    1122:1122:private R$styleable()
com.jsibbold.zoomage.ZoomageView:
    142:142:public boolean isTranslatable()
    158:158:public boolean isZoomable()
com.mikhaellopez.circularimageview.BuildConfig
com.mikhaellopez.circularimageview.CircularImageView:
    private static final float DEFAULT_BORDER_WIDTH
    private static final float DEFAULT_SHADOW_RADIUS
    94:98:public void addShadow()
com.mikhaellopez.circularimageview.R:
    10:10:private R()
com.mikhaellopez.circularimageview.R$attr
com.mikhaellopez.circularimageview.R$styleable:
    23:23:private R$styleable()